<?xml version="1.0" encoding="UTF-8"?>
<!-- Generated by org.testng.reporters.JUnitXMLReporter -->
<testsuite hostname="WINDOWS-O6PMP8H" name="Command line test" tests="3" failures="3" timestamp="15 Feb 2016 20:51:52 GMT" time="6.537" errors="0">
  <testcase name="getGappAccounting" time="0.454" classname="gapp.model.dao.GappAccountingDaoTest">
    <failure type="java.lang.AssertionError">
      <![CDATA[java.lang.AssertionError
	at gapp.model.dao.GappAccountingDaoTest.getGappAccounting(GappAccountingDaoTest.java:18)
	at org.springframework.test.context.testng.AbstractTestNGSpringContextTests.run(AbstractTestNGSpringContextTests.java:171)
... Removed 36 stack frames]]>
    </failure>
  </testcase> <!-- getGappAccounting -->
  <testcase name="getGappApplication" time="0.025" classname="gapp.model.dao.GappApplicationDaoTest">
    <failure type="java.lang.AssertionError">
      <![CDATA[java.lang.AssertionError
	at gapp.model.dao.GappApplicationDaoTest.getGappApplication(GappApplicationDaoTest.java:19)
	at org.springframework.test.context.testng.AbstractTestNGSpringContextTests.run(AbstractTestNGSpringContextTests.java:171)
... Removed 36 stack frames]]>
    </failure>
  </testcase> <!-- getGappApplication -->
  <testcase name="getGappDepartment" time="0.068" classname="gapp.model.dao.GappDepartmentDaoTest">
    <failure type="java.lang.AssertionError">
      <![CDATA[java.lang.AssertionError
	at gapp.model.dao.GappDepartmentDaoTest.getGappDepartment(GappDepartmentDaoTest.java:18)
	at org.springframework.test.context.testng.AbstractTestNGSpringContextTests.run(AbstractTestNGSpringContextTests.java:171)
... Removed 36 stack frames]]>
    </failure>
  </testcase> <!-- getGappDepartment -->
</testsuite> <!-- Command line test -->
